2019-03-04 09:40:37 [ERROR] [restartedMain] c.t.a.d.c.i.DictCache - 加载数据字典配置失败：未找到字典配置根文件夹
2019-03-04 09:42:08 [ERROR] [restartedMain] c.t.a.d.c.i.DictCache - 加载数据字典配置失败：未找到字典配置根文件夹
2019-03-04 09:48:46 [ERROR] [restartedMain] c.t.a.d.c.i.DictCache - 加载数据字典配置失败：未找到字典配置根文件夹
2019-03-04 09:50:27 [ERROR] [restartedMain] c.t.a.d.c.i.DictCache - 加载数据字典配置失败：未找到字典配置根文件夹
2019-03-04 10:20:52 [ERROR] [restartedMain] c.t.a.d.c.i.DictCache - 加载数据字典配置失败：未找到字典配置根文件夹
2019-03-04 10:26:53 [ERROR] [restartedMain] c.t.a.d.c.i.DictCache - 加载数据字典配置失败：未找到字典配置根文件夹
2019-03-04 10:28:17 [ERROR] [restartedMain] c.t.a.d.c.i.DictCache - 加载数据字典配置失败：未找到字典配置根文件夹
2019-03-04 10:37:50 [ERROR] [restartedMain] c.t.a.d.c.i.DictCache - 加载数据字典配置失败：未找到字典配置根文件夹
2019-03-04 10:48:31 [ERROR] [restartedMain] c.t.a.d.c.i.DictCache - 加载数据字典配置失败：未找到字典配置根文件夹
2019-03-04 10:57:40 [ERROR] [restartedMain] c.t.a.d.c.i.DictCache - 加载数据字典配置失败：未找到字典配置根文件夹
2019-03-04 10:58:58 [ERROR] [restartedMain] c.t.a.d.c.i.DictCache - 加载数据字典配置失败：未找到字典配置根文件夹
2019-03-04 11:06:17 [ERROR] [restartedMain] c.t.a.d.c.i.DictCache - 加载数据字典配置失败：未找到字典配置根文件夹
2019-03-04 11:07:16 [ERROR] [restartedMain] c.t.a.d.c.i.DictCache - 加载数据字典配置失败：未找到字典配置根文件夹
2019-03-04 11:13:39 [ERROR] [restartedMain] c.t.a.d.c.i.DictCache - 加载数据字典配置失败：未找到字典配置根文件夹
2019-03-04 11:27:35 [ERROR] [restartedMain] c.t.a.d.c.i.DictCache - 加载数据字典配置失败：未找到字典配置根文件夹
2019-03-04 11:28:14 [ERROR] [http-nio-8787-exec-3] c.z.h.p.HikariPool - HikariPool-1 - Exception during pool initialization.
com.mysql.jdbc.exceptions.jdbc4.CommunicationsException: Communications link failure

The last packet sent successfully to the server was 0 milliseconds ago. The driver has not received any packets from the server.
	at sun.reflect.NativeConstructorAccessorImpl.newInstance0(Native Method)
	at sun.reflect.NativeConstructorAccessorImpl.newInstance(NativeConstructorAccessorImpl.java:62)
	at sun.reflect.DelegatingConstructorAccessorImpl.newInstance(DelegatingConstructorAccessorImpl.java:45)
	at java.lang.reflect.Constructor.newInstance(Constructor.java:423)
	at com.mysql.jdbc.Util.handleNewInstance(Util.java:425)
	at com.mysql.jdbc.SQLError.createCommunicationsException(SQLError.java:990)
	at com.mysql.jdbc.MysqlIO.<init>(MysqlIO.java:341)
	at com.mysql.jdbc.ConnectionImpl.coreConnect(ConnectionImpl.java:2186)
	at com.mysql.jdbc.ConnectionImpl.connectOneTryOnly(ConnectionImpl.java:2219)
	at com.mysql.jdbc.ConnectionImpl.createNewIO(ConnectionImpl.java:2014)
	at com.mysql.jdbc.ConnectionImpl.<init>(ConnectionImpl.java:776)
	at com.mysql.jdbc.JDBC4Connection.<init>(JDBC4Connection.java:47)
	at sun.reflect.NativeConstructorAccessorImpl.newInstance0(Native Method)
	at sun.reflect.NativeConstructorAccessorImpl.newInstance(NativeConstructorAccessorImpl.java:62)
	at sun.reflect.DelegatingConstructorAccessorImpl.newInstance(DelegatingConstructorAccessorImpl.java:45)
	at java.lang.reflect.Constructor.newInstance(Constructor.java:423)
	at com.mysql.jdbc.Util.handleNewInstance(Util.java:425)
	at com.mysql.jdbc.ConnectionImpl.getInstance(ConnectionImpl.java:386)
	at com.mysql.jdbc.NonRegisteringDriver.connect(NonRegisteringDriver.java:330)
	at com.zaxxer.hikari.util.DriverDataSource.getConnection(DriverDataSource.java:117)
	at com.zaxxer.hikari.util.DriverDataSource.getConnection(DriverDataSource.java:123)
	at com.zaxxer.hikari.pool.PoolBase.newConnection(PoolBase.java:365)
	at com.zaxxer.hikari.pool.PoolBase.newPoolEntry(PoolBase.java:194)
	at com.zaxxer.hikari.pool.HikariPool.createPoolEntry(HikariPool.java:460)
	at com.zaxxer.hikari.pool.HikariPool.checkFailFast(HikariPool.java:534)
	at com.zaxxer.hikari.pool.HikariPool.<init>(HikariPool.java:115)
	at com.zaxxer.hikari.HikariDataSource.getConnection(HikariDataSource.java:112)
	at com.thunisoft.artery.data.mybatis.ArteryInterceptor.getUrl(ArteryInterceptor.java:310)
	at com.thunisoft.artery.data.mybatis.ArteryInterceptor.getSqlUtil(ArteryInterceptor.java:336)
	at com.thunisoft.artery.data.mybatis.ArteryInterceptor.initSqlUtil(ArteryInterceptor.java:292)
	at com.thunisoft.artery.data.mybatis.ArteryInterceptor.intercept(ArteryInterceptor.java:279)
	at org.apache.ibatis.plugin.Plugin.invoke(Plugin.java:61)
	at com.sun.proxy.$Proxy114.query(Unknown Source)
	at org.apache.ibatis.session.defaults.DefaultSqlSession.selectList(DefaultSqlSession.java:148)
	at org.apache.ibatis.session.defaults.DefaultSqlSession.selectList(DefaultSqlSession.java:141)
	at org.apache.ibatis.session.defaults.DefaultSqlSession.selectOne(DefaultSqlSession.java:77)
	at sun.reflect.NativeMethodAccessorImpl.invoke0(Native Method)
	at sun.reflect.NativeMethodAccessorImpl.invoke(NativeMethodAccessorImpl.java:62)
	at sun.reflect.DelegatingMethodAccessorImpl.invoke(DelegatingMethodAccessorImpl.java:43)
	at java.lang.reflect.Method.invoke(Method.java:498)
	at org.mybatis.spring.SqlSessionTemplate$SqlSessionInterceptor.invoke(SqlSessionTemplate.java:433)
	at com.sun.proxy.$Proxy82.selectOne(Unknown Source)
	at org.mybatis.spring.SqlSessionTemplate.selectOne(SqlSessionTemplate.java:166)
	at org.apache.ibatis.binding.MapperMethod.execute(MapperMethod.java:83)
	at org.apache.ibatis.binding.MapperProxy.invoke(MapperProxy.java:59)
	at com.sun.proxy.$Proxy83.getUserByName(Unknown Source)
	at sun.reflect.NativeMethodAccessorImpl.invoke0(Native Method)
	at sun.reflect.NativeMethodAccessorImpl.invoke(NativeMethodAccessorImpl.java:62)
	at sun.reflect.DelegatingMethodAccessorImpl.invoke(DelegatingMethodAccessorImpl.java:43)
	at java.lang.reflect.Method.invoke(Method.java:498)
	at org.springframework.aop.support.AopUtils.invokeJoinpointUsingReflection(AopUtils.java:343)
	at org.springframework.aop.framework.ReflectiveMethodInvocation.invokeJoinpoint(ReflectiveMethodInvocation.java:197)
	at org.springframework.aop.framework.ReflectiveMethodInvocation.proceed(ReflectiveMethodInvocation.java:163)
	at org.springframework.dao.support.PersistenceExceptionTranslationInterceptor.invoke(PersistenceExceptionTranslationInterceptor.java:139)
	at org.springframework.aop.framework.ReflectiveMethodInvocation.proceed(ReflectiveMethodInvocation.java:185)
	at org.springframework.aop.framework.JdkDynamicAopProxy.invoke(JdkDynamicAopProxy.java:212)
	at com.sun.proxy.$Proxy85.getUserByName(Unknown Source)
	at com.thunisoft.booksdemo.config.MyShiroRealm.doGetAuthenticationInfo(MyShiroRealm.java:46)
	at org.apache.shiro.realm.AuthenticatingRealm.getAuthenticationInfo(AuthenticatingRealm.java:571)
	at org.apache.shiro.authc.pam.ModularRealmAuthenticator.doSingleRealmAuthentication(ModularRealmAuthenticator.java:180)
	at org.apache.shiro.authc.pam.ModularRealmAuthenticator.doAuthenticate(ModularRealmAuthenticator.java:267)
	at org.apache.shiro.authc.AbstractAuthenticator.authenticate(AbstractAuthenticator.java:198)
	at org.apache.shiro.mgt.AuthenticatingSecurityManager.authenticate(AuthenticatingSecurityManager.java:106)
	at org.apache.shiro.mgt.DefaultSecurityManager.login(DefaultSecurityManager.java:274)
	at org.apache.shiro.subject.support.DelegatingSubject.login(DelegatingSubject.java:260)
	at com.thunisoft.booksdemo.controller.AuthController.login(AuthController.java:61)
	at sun.reflect.NativeMethodAccessorImpl.invoke0(Native Method)
	at sun.reflect.NativeMethodAccessorImpl.invoke(NativeMethodAccessorImpl.java:62)
	at sun.reflect.DelegatingMethodAccessorImpl.invoke(DelegatingMethodAccessorImpl.java:43)
	at java.lang.reflect.Method.invoke(Method.java:498)
	at org.springframework.web.method.support.InvocableHandlerMethod.doInvoke(InvocableHandlerMethod.java:209)
	at org.springframework.web.method.support.InvocableHandlerMethod.invokeForRequest(InvocableHandlerMethod.java:136)
	at org.springframework.web.servlet.mvc.method.annotation.ServletInvocableHandlerMethod.invokeAndHandle(ServletInvocableHandlerMethod.java:102)
	at org.springframework.web.servlet.mvc.method.annotation.RequestMappingHandlerAdapter.invokeHandlerMethod(RequestMappingHandlerAdapter.java:891)
	at org.springframework.web.servlet.mvc.method.annotation.RequestMappingHandlerAdapter.handleInternal(RequestMappingHandlerAdapter.java:797)
	at org.springframework.web.servlet.mvc.method.AbstractHandlerMethodAdapter.handle(AbstractHandlerMethodAdapter.java:87)
	at org.springframework.web.servlet.DispatcherServlet.doDispatch(DispatcherServlet.java:991)
	at org.springframework.web.servlet.DispatcherServlet.doService(DispatcherServlet.java:925)
	at org.springframework.web.servlet.FrameworkServlet.processRequest(FrameworkServlet.java:974)
	at org.springframework.web.servlet.FrameworkServlet.doPost(FrameworkServlet.java:877)
	at javax.servlet.http.HttpServlet.service(HttpServlet.java:661)
	at org.springframework.web.servlet.FrameworkServlet.service(FrameworkServlet.java:851)
	at javax.servlet.http.HttpServlet.service(HttpServlet.java:742)
	at org.apache.catalina.core.ApplicationFilterChain.internalDoFilter(ApplicationFilterChain.java:231)
	at org.apache.catalina.core.ApplicationFilterChain.doFilter(ApplicationFilterChain.java:166)
	at org.apache.tomcat.websocket.server.WsFilter.doFilter(WsFilter.java:52)
	at org.apache.catalina.core.ApplicationFilterChain.internalDoFilter(ApplicationFilterChain.java:193)
	at org.apache.catalina.core.ApplicationFilterChain.doFilter(ApplicationFilterChain.java:166)
	at org.apache.shiro.web.servlet.AbstractShiroFilter.executeChain(AbstractShiroFilter.java:449)
	at org.apache.shiro.web.servlet.AbstractShiroFilter$1.call(AbstractShiroFilter.java:365)
	at org.apache.shiro.subject.support.SubjectCallable.doCall(SubjectCallable.java:90)
	at org.apache.shiro.subject.support.SubjectCallable.call(SubjectCallable.java:83)
	at org.apache.shiro.subject.support.DelegatingSubject.execute(DelegatingSubject.java:387)
	at org.apache.shiro.web.servlet.AbstractShiroFilter.doFilterInternal(AbstractShiroFilter.java:362)
	at org.apache.shiro.web.servlet.OncePerRequestFilter.doFilter(OncePerRequestFilter.java:125)
	at org.apache.catalina.core.ApplicationFilterChain.internalDoFilter(ApplicationFilterChain.java:193)
	at org.apache.catalina.core.ApplicationFilterChain.doFilter(ApplicationFilterChain.java:166)
	at org.springframework.web.filter.RequestContextFilter.doFilterInternal(RequestContextFilter.java:99)
	at org.springframework.web.filter.OncePerRequestFilter.doFilter(OncePerRequestFilter.java:107)
	at org.apache.catalina.core.ApplicationFilterChain.internalDoFilter(ApplicationFilterChain.java:193)
	at org.apache.catalina.core.ApplicationFilterChain.doFilter(ApplicationFilterChain.java:166)
	at org.springframework.web.filter.HttpPutFormContentFilter.doFilterInternal(HttpPutFormContentFilter.java:109)
	at org.springframework.web.filter.OncePerRequestFilter.doFilter(OncePerRequestFilter.java:107)
	at org.apache.catalina.core.ApplicationFilterChain.internalDoFilter(ApplicationFilterChain.java:193)
	at org.apache.catalina.core.ApplicationFilterChain.doFilter(ApplicationFilterChain.java:166)
	at org.springframework.web.filter.HiddenHttpMethodFilter.doFilterInternal(HiddenHttpMethodFilter.java:93)
	at org.springframework.web.filter.OncePerRequestFilter.doFilter(OncePerRequestFilter.java:107)
	at org.apache.catalina.core.ApplicationFilterChain.internalDoFilter(ApplicationFilterChain.java:193)
	at org.apache.catalina.core.ApplicationFilterChain.doFilter(ApplicationFilterChain.java:166)
	at org.springframework.web.filter.CharacterEncodingFilter.doFilterInternal(CharacterEncodingFilter.java:200)
	at org.springframework.web.filter.OncePerRequestFilter.doFilter(OncePerRequestFilter.java:107)
	at org.apache.catalina.core.ApplicationFilterChain.internalDoFilter(ApplicationFilterChain.java:193)
	at org.apache.catalina.core.ApplicationFilterChain.doFilter(ApplicationFilterChain.java:166)
	at org.apache.catalina.core.StandardWrapperValve.invoke(StandardWrapperValve.java:198)
	at org.apache.catalina.core.StandardContextValve.invoke(StandardContextValve.java:96)
	at org.apache.catalina.authenticator.AuthenticatorBase.invoke(AuthenticatorBase.java:493)
	at org.apache.catalina.core.StandardHostValve.invoke(StandardHostValve.java:140)
	at org.apache.catalina.valves.ErrorReportValve.invoke(ErrorReportValve.java:81)
	at org.apache.catalina.core.StandardEngineValve.invoke(StandardEngineValve.java:87)
	at org.apache.catalina.connector.CoyoteAdapter.service(CoyoteAdapter.java:342)
	at org.apache.coyote.http11.Http11Processor.service(Http11Processor.java:800)
	at org.apache.coyote.AbstractProcessorLight.process(AbstractProcessorLight.java:66)
	at org.apache.coyote.AbstractProtocol$ConnectionHandler.process(AbstractProtocol.java:806)
	at org.apache.tomcat.util.net.NioEndpoint$SocketProcessor.doRun(NioEndpoint.java:1498)
	at org.apache.tomcat.util.net.SocketProcessorBase.run(SocketProcessorBase.java:49)
	at java.util.concurrent.ThreadPoolExecutor.runWorker(ThreadPoolExecutor.java:1149)
	at java.util.concurrent.ThreadPoolExecutor$Worker.run(ThreadPoolExecutor.java:624)
	at org.apache.tomcat.util.threads.TaskThread$WrappingRunnable.run(TaskThread.java:61)
	at java.lang.Thread.run(Thread.java:748)
Caused by: java.net.ConnectException: Connection timed out: connect
	at java.net.DualStackPlainSocketImpl.waitForConnect(Native Method)
	at java.net.DualStackPlainSocketImpl.socketConnect(DualStackPlainSocketImpl.java:85)
	at java.net.AbstractPlainSocketImpl.doConnect(AbstractPlainSocketImpl.java:350)
	at java.net.AbstractPlainSocketImpl.connectToAddress(AbstractPlainSocketImpl.java:206)
	at java.net.AbstractPlainSocketImpl.connect(AbstractPlainSocketImpl.java:188)
	at java.net.PlainSocketImpl.connect(PlainSocketImpl.java:172)
	at java.net.SocksSocketImpl.connect(SocksSocketImpl.java:392)
	at java.net.Socket.connect(Socket.java:589)
	at com.mysql.jdbc.StandardSocketFactory.connect(StandardSocketFactory.java:211)
	at com.mysql.jdbc.MysqlIO.<init>(MysqlIO.java:300)
	... 122 common frames omitted
2019-03-04 11:29:18 [ERROR] [restartedMain] c.t.a.d.c.i.DictCache - 加载数据字典配置失败：未找到字典配置根文件夹
2019-03-04 11:30:09 [ERROR] [restartedMain] c.t.a.d.c.i.DictCache - 加载数据字典配置失败：未找到字典配置根文件夹
2019-03-04 11:34:50 [ERROR] [restartedMain] c.t.a.d.c.i.DictCache - 加载数据字典配置失败：未找到字典配置根文件夹
2019-03-04 11:37:58 [ERROR] [restartedMain] c.t.a.d.c.i.DictCache - 加载数据字典配置失败：未找到字典配置根文件夹
2019-03-04 11:41:49 [ERROR] [restartedMain] c.t.a.d.c.i.DictCache - 加载数据字典配置失败：未找到字典配置根文件夹
2019-03-04 11:42:43 [ERROR] [restartedMain] c.t.a.d.c.i.DictCache - 加载数据字典配置失败：未找到字典配置根文件夹
2019-03-04 12:40:39 [ERROR] [restartedMain] c.t.a.d.c.i.DictCache - 加载数据字典配置失败：未找到字典配置根文件夹
2019-03-04 12:43:34 [ERROR] [restartedMain] c.t.a.d.c.i.DictCache - 加载数据字典配置失败：未找到字典配置根文件夹
2019-03-04 13:15:07 [ERROR] [restartedMain] c.t.a.d.c.i.DictCache - 加载数据字典配置失败：未找到字典配置根文件夹
2019-03-04 13:42:12 [ERROR] [restartedMain] c.t.a.d.c.i.DictCache - 加载数据字典配置失败：未找到字典配置根文件夹
2019-03-04 13:54:39 [ERROR] [restartedMain] c.t.a.d.c.i.DictCache - 加载数据字典配置失败：未找到字典配置根文件夹
2019-03-04 14:01:10 [ERROR] [restartedMain] c.t.a.d.c.i.DictCache - 加载数据字典配置失败：未找到字典配置根文件夹
2019-03-04 14:02:00 [ERROR] [restartedMain] c.t.a.d.c.i.DictCache - 加载数据字典配置失败：未找到字典配置根文件夹
2019-03-04 15:38:07 [ERROR] [restartedMain] c.t.a.d.c.i.DictCache - 加载数据字典配置失败：未找到字典配置根文件夹
2019-03-04 16:41:11 [ERROR] [restartedMain] c.t.a.d.c.i.DictCache - 加载数据字典配置失败：未找到字典配置根文件夹
2019-03-04 16:42:54 [ERROR] [restartedMain] c.t.a.d.c.i.DictCache - 加载数据字典配置失败：未找到字典配置根文件夹
2019-03-04 16:57:47 [ERROR] [restartedMain] c.t.a.d.c.i.DictCache - 加载数据字典配置失败：未找到字典配置根文件夹
2019-03-04 17:00:09 [ERROR] [restartedMain] c.t.a.d.c.i.DictCache - 加载数据字典配置失败：未找到字典配置根文件夹
2019-03-04 17:38:09 [ERROR] [restartedMain] c.t.a.d.c.i.DictCache - 加载数据字典配置失败：未找到字典配置根文件夹
2019-03-04 17:39:16 [ERROR] [restartedMain] c.t.a.d.c.i.DictCache - 加载数据字典配置失败：未找到字典配置根文件夹
2019-03-04 17:41:10 [ERROR] [restartedMain] c.t.a.d.c.i.DictCache - 加载数据字典配置失败：未找到字典配置根文件夹
2019-03-04 17:46:58 [ERROR] [restartedMain] c.t.a.d.c.i.DictCache - 加载数据字典配置失败：未找到字典配置根文件夹
2019-03-04 17:52:43 [ERROR] [restartedMain] c.t.a.d.c.i.DictCache - 加载数据字典配置失败：未找到字典配置根文件夹
2019-03-04 18:13:21 [ERROR] [restartedMain] c.t.a.d.c.i.DictCache - 加载数据字典配置失败：未找到字典配置根文件夹
2019-03-04 18:15:16 [ERROR] [restartedMain] c.t.a.d.c.i.DictCache - 加载数据字典配置失败：未找到字典配置根文件夹
2019-03-04 18:17:49 [ERROR] [restartedMain] c.t.a.d.c.i.DictCache - 加载数据字典配置失败：未找到字典配置根文件夹
2019-03-04 18:28:54 [ERROR] [restartedMain] c.t.a.d.c.i.DictCache - 加载数据字典配置失败：未找到字典配置根文件夹
2019-03-04 18:34:09 [ERROR] [restartedMain] c.t.a.d.c.i.DictCache - 加载数据字典配置失败：未找到字典配置根文件夹
